TSPTW(Beam ACO).py result for test 10_1.txt:
10
1 9 4 2 6 5 3 10 8 7
Time elapsed: 30.1138844 seconds
----------------------------------------
TSPTW(Beam ACO).py result for test 10_2.txt:
10
2 6 5 4 7 10 8 9 3 1
Time elapsed: 30.0961454 seconds
----------------------------------------
TSPTW(Beam ACO).py result for test 10_3.txt:
10
10 4 5 1 3 6 8 2 9 7
Time elapsed: 30.0991895 seconds
----------------------------------------
TSPTW(Beam ACO).py result for test 150_1.txt:
150
128 14 3 67 42 95 72 4 131 99 132 13 44 45 121 93 134 94 97 11 86 56 70 30 68 16 28 149 24 127 10 117 136 27 35 34 130 125 39 37 51 139 43 79 33 103 73 76 50 71 32 53 126 140 141 57 111 59 81 46 38 23 105 61 74 18 69 138 29 47 63 54 75 49 143 118 90 80 9 26 85 21 31 88 87 36 91 101 12 135 109 5 2 22 146 25 145 96 41 100 1 116 52 107 119 104 124 89 112 120 142 147 7 60 92 20 8 106 40 122 133 114 84 6 77 19 113 83 65 129 48 66 62 110 15 82 123 58 55 64 98 115 144 137 108 78 17 148 102 150
Time elapsed: 40.0622563 seconds
----------------------------------------
TSPTW(Beam ACO).py result for test 150_2.txt:
150
107 43 31 83 38 42 85 148 74 10 18 12 76 14 15 33 88 95 7 21 53 102 77 84 26 135 28 79 143 35 24 27 144 25 80 73 30 142 40 49 34 11 57 109 8 68 86 17 37 150 50 52 22 87 47 149 58 81 9 145 63 64 105 3 96 82 69 70 59 97 45 132 75 129 120 51 117 146 136 121 48 41 13 139 2 62 89 90 91 128 93 60 36 134 65 116 130 122 5 72 101 111 19 16 55 131 118 98 124 46 137 113 114 115 32 106 119 29 112 104 125 1 123 100 141 44 127 67 126 138 103 66 99 92 78 133 54 56 140 23 39 147 110 6 94 4 108 20 71 61
Time elapsed: 40.0755988 seconds
----------------------------------------
TSPTW(Beam ACO).py result for test 20_1.txt:
20
9 16 3 18 8 7 12 6 14 1 20 5 19 2 15 11 17 10 13 4
Time elapsed: 30.0946079 seconds
----------------------------------------
TSPTW(Beam ACO).py result for test 20_2.txt:
20
18 5 1 4 17 9 6 2 10 3 7 20 8 15 16 12 13 11 14 19
Time elapsed: 30.1026034 seconds
----------------------------------------
TSPTW(Beam ACO).py result for test 20_3.txt:
20
4 3 5 14 17 6 12 8 1 9 7 11 19 16 13 10 18 15 20 2
Time elapsed: 30.0991711 seconds
----------------------------------------
TSPTW(Beam ACO).py result for test 250_1.txt:
250
205 63 21 35 218 78 246 129 99 180 148 145 170 142 233 16 116 89 45 54 80 120 62 133 95 147 194 108 239 85 223 156 249 24 30 140 37 173 39 247 73 103 74 60 153 20 188 88 40 9 49 143 118 211 64 166 195 177 134 107 61 132 181 250 244 13 126 200 25 70 138 72 90 201 144 101 112 48 79 238 81 71 210 19 93 44 31 14 179 199 217 46 43 164 160 123 97 67 231 33 51 87 32 58 105 106 216 228 152 68 168 114 113 215 22 110 117 230 119 161 41 242 183 124 189 169 23 47 149 75 191 29 53 162 135 136 137 50 139 206 141 245 186 182 27 18 109 235 193 150 176 221 222 52 226 8 190 213 104 115 111 219 163 94 100 155 130 102 91 4 171 172 204 174 175 83 92 178 234 146 76 241 159 86 7 198 187 10 225 98 38 192 122 214 42 55 36 232 157 197 227 202 203 3 34 1 69 220 121 167 84 212 127 125 56 184 209 151 26 77 208 248 240 224 57 5 185 28 96 207 59 12 66 196 82 236 237 158 2 154 165 17 243 15 65 128 11 131 229 6
Time elapsed: 36.4581208 seconds
----------------------------------------
TSPTW(Beam ACO).py result for test 250_2.txt:
250
91 80 3 24 89 28 56 8 232 157 240 26 78 220 204 159 187 163 16 95 196 129 12 49 194 15 113 100 29 166 23 248 33 34 87 36 223 6 116 112 41 25 72 50 183 46 250 215 145 225 190 202 195 53 210 193 142 81 43 115 143 134 63 9 241 66 35 205 69 5 167 119 233 158 173 103 77 99 214 14 107 237 160 19 85 141 2 88 40 96 172 151 93 1 94 90 179 207 168 184 73 203 102 39 128 106 181 60 245 188 52 20 126 161 55 64 117 65 124 59 92 122 57 155 125 185 138 30 246 74 222 132 133 62 135 120 226 10 58 118 165 175 61 229 105 197 127 189 136 44 234 216 153 178 230 198 219 22 218 31 147 174 213 164 182 150 71 224 169 208 191 244 180 239 209 192 108 154 200 156 211 162 110 38 4 186 139 17 130 7 171 176 70 18 13 97 146 111 199 140 144 217 42 137 86 206 149 76 236 51 242 45 21 131 48 11 101 247 104 243 221 54 67 27 123 152 83 228 201 227 231 249 79 75 235 109 238 84 121 148 177 68 37 114 212 47 82 98 170 32
Time elapsed: 35.515333 seconds
----------------------------------------
TSPTW(Beam ACO).py result for test 300_1.txt:
300
4 78 176 126 5 234 8 276 283 129 11 209 13 14 95 213 201 216 64 77 150 22 163 199 231 30 27 58 288 296 281 35 31 34 160 51 250 110 111 241 41 72 80 183 153 120 124 33 223 83 162 47 38 149 55 56 61 121 238 24 152 167 50 200 65 76 86 45 270 70 71 2 180 248 258 66 245 197 220 43 81 274 75 300 122 256 90 194 139 113 36 19 275 68 37 261 264 82 182 100 154 151 103 273 232 7 259 212 94 93 88 225 109 96 251 169 117 237 92 226 104 12 123 170 54 155 218 161 131 219 87 102 204 253 53 17 188 280 74 138 240 3 84 279 59 146 249 293 159 202 132 207 134 292 21 62 189 285 195 147 228 48 205 255 295 166 6 260 28 9 239 172 32 174 116 60 42 15 179 108 184 156 229 105 290 186 289 141 69 148 191 192 193 142 137 196 44 266 287 106 164 133 175 145 29 244 127 79 136 227 97 190 282 63 158 272 181 215 23 263 173 269 101 89 112 73 211 128 165 267 25 203 221 26 206 236 18 91 157 171 40 265 125 10 210 298 177 140 185 254 243 252 99 233 144 214 257 143 118 168 235 114 52 224 57 230 46 119 222 67 271 242 130 208 85 278 277 39 268 20 262 217 107 284 1 286 198 294 187 178 291 98 16 49 247 299 297 246 115 135
Time elapsed: 54.8216774 seconds
----------------------------------------
TSPTW(Beam ACO).py result for test 300_2.txt:
300
1 130 217 220 279 228 233 8 9 164 10 24 270 99 262 55 257 35 287 179 261 12 161 296 96 299 136 95 234 280 2 118 42 165 26 36 144 106 17 40 64 4 172 44 123 245 100 289 49 18 109 87 53 112 283 62 249 56 119 196 61 219 275 156 117 226 67 294 290 214 66 195 73 239 263 98 224 5 31 116 104 27 83 39 28 79 102 88 264 90 162 137 113 50 85 43 169 19 140 188 6 218 23 292 105 41 171 143 138 15 286 3 103 202 277 229 91 273 60 75 204 259 191 65 254 167 132 227 185 173 38 133 68 134 70 190 45 297 139 21 107 142 147 175 282 126 168 81 149 293 13 129 235 205 135 216 157 30 32 16 82 285 163 120 101 166 63 108 153 11 243 155 222 203 241 97 267 199 295 72 57 182 77 122 58 186 20 22 252 225 266 192 29 232 206 272 197 84 180 200 201 114 208 260 268 154 207 89 209 131 160 127 213 184 230 46 288 128 174 247 271 124 223 183 189 92 110 210 170 152 255 194 7 121 250 236 253 231 37 141 212 242 69 244 251 246 25 76 181 47 59 74 237 86 198 54 125 284 159 158 269 80 177 94 238 34 265 148 52 187 151 71 78 274 256 33 281 278 93 193 115 215 48 258 211 221 248 178 276 240 291 14 146 176 145 150 51 298 111 300
Time elapsed: 55.0119525 seconds
----------------------------------------
TSPTW(Beam ACO).py result for test 30_1.txt:
30
28 14 29 20 2 12 7 17 27 10 16 18 30 13 4 3 8 23 15 5 6 1 11 24 25 26 9 19 21 22
Time elapsed: 30.0994336 seconds
----------------------------------------
TSPTW(Beam ACO).py result for test 30_2.txt:
30
12 25 3 19 5 8 29 11 22 28 18 13 1 6 14 16 30 4 20 26 15 2 7 23 9 24 27 10 17 21
Time elapsed: 30.0954943 seconds
----------------------------------------
TSPTW(Beam ACO).py result for test 30_3.txt:
30
16 11 9 10 5 17 23 15 21 6 12 1 27 7 13 18 19 20 14 4 30 25 26 8 29 28 3 22 24 2
Time elapsed: 30.3260442 seconds
----------------------------------------
TSPTW(Beam ACO).py result for test 500_1.txt:
500
83 277 409 346 5 77 48 8 55 81 136 242 446 14 111 489 17 279 370 355 37 440 161 156 490 391 133 436 171 30 226 40 225 42 407 36 58 38 104 456 385 230 281 44 235 499 137 199 395 273 201 474 23 476 293 56 107 297 500 420 274 245 110 408 98 116 46 45 252 147 454 209 123 99 224 76 426 469 392 304 261 320 1 228 166 88 87 11 89 427 86 312 216 388 103 96 13 117 140 49 101 399 383 329 50 114 487 386 387 354 477 112 113 66 204 185 229 52 119 382 129 328 291 159 450 57 127 263 121 417 451 377 35 366 41 120 7 100 486 287 498 449 379 39 9 169 430 439 18 135 365 128 153 154 298 29 157 236 60 160 145 6 441 130 351 143 406 468 70 20 283 118 170 421 175 176 177 253 152 105 181 163 308 180 19 437 447 233 198 413 69 334 73 27 12 394 473 68 247 402 336 106 203 215 192 206 72 467 438 389 64 364 463 214 262 483 217 401 292 367 221 488 415 396 289 218 227 250 259 459 310 232 74 93 10 400 97 182 231 375 15 28 241 244 327 102 150 443 220 428 251 265 95 493 290 325 194 32 141 54 155 208 269 146 213 465 258 78 405 223 71 272 362 61 248 316 495 348 374 280 331 282 189 284 371 286 380 288 3 363 125 138 268 294 295 296 462 333 357 172 416 302 303 174 305 306 307 350 410 126 124 187 313 314 315 31 359 34 319 184 418 482 453 339 254 2 79 471 134 115 94 200 299 345 43 478 337 167 243 360 178 356 186 398 311 444 196 264 373 238 165 322 173 202 335 249 205 324 240 340 222 33 255 191 219 195 330 368 82 63 285 372 347 485 472 109 122 378 301 256 342 271 479 384 144 470 343 75 210 393 464 369 278 275 16 318 397 412 246 358 158 211 434 47 332 257 425 67 442 309 411 139 276 414 270 452 62 260 419 149 266 422 423 424 448 341 267 323 429 65 131 4 432 108 21 381 376 461 25 179 24 132 168 352 445 188 344 164 234 390 85 494 190 349 455 142 197 458 321 326 193 84 435 237 148 59 183 212 317 92 162 91 457 433 475 404 338 403 466 361 26 460 431 484 53 239 90 151 300 480 491 492 51 207 22 496 497 80 353 481
Time elapsed: 185.210923 seconds
----------------------------------------
TSPTW(Beam ACO).py result for test 500_2.txt:
500
57 320 85 145 5 124 349 8 326 10 294 29 26 14 122 470 17 446 167 379 319 80 23 158 279 206 165 138 468 30 205 444 33 180 7 36 380 108 153 43 496 443 328 453 420 46 310 447 76 50 297 373 53 35 44 56 342 93 464 12 462 242 63 246 314 66 141 466 37 70 494 72 354 376 75 31 312 301 477 221 81 82 411 148 487 155 87 270 322 389 360 71 436 94 95 41 152 405 333 2 137 346 54 131 191 465 139 384 101 396 16 109 212 256 58 144 117 100 119 482 121 244 34 159 478 284 127 86 116 174 89 441 140 280 488 239 452 83 112 431 182 142 143 48 11 286 400 361 295 47 162 197 177 412 393 283 296 126 438 202 179 398 339 90 424 348 467 168 74 61 102 194 298 390 340 355 363 178 216 392 308 227 115 103 185 248 428 188 39 422 498 321 385 105 118 226 225 110 1 406 201 491 266 170 224 77 350 367 414 73 218 253 495 150 267 429 275 211 203 332 3 252 189 147 351 273 69 228 98 238 6 276 381 234 251 236 210 149 136 331 282 274 163 347 245 133 232 200 427 250 213 456 49 254 473 198 445 18 493 469 261 362 235 264 293 125 215 268 269 403 271 272 490 196 183 313 128 278 345 307 281 92 259 407 151 492 357 288 255 265 377 292 474 306 358 483 172 104 263 247 42 67 164 45 394 230 223 22 343 290 316 299 154 38 372 55 317 359 27 460 401 413 382 277 325 4 327 97 497 330 440 457 157 480 423 318 220 156 173 175 399 209 176 344 450 402 15 337 388 88 51 352 353 309 208 123 129 300 338 130 415 52 190 364 365 366 91 304 217 99 9 204 458 186 375 302 19 397 408 475 231 323 171 291 486 32 187 60 21 249 421 287 370 489 395 461 285 243 341 435 219 84 425 471 430 260 24 199 374 410 315 134 106 391 472 416 289 184 356 62 181 463 237 192 229 28 240 481 233 193 437 368 433 434 455 78 386 20 113 417 132 169 64 311 40 166 214 432 135 334 451 442 439 454 426 404 257 207 111 383 335 324 409 418 114 68 369 161 222 459 336 96 13 65 387 485 258 476 479 448 371 107 329 484 120 262 79 449 305 378 160 195 303 241 59 419 25 146 499 500
Time elapsed: 186.6368525 seconds
----------------------------------------
TSPTW(Beam ACO).py result for test 70_1.txt:
70
70 12 24 3 61 26 69 60 14 11 58 33 27 67 16 37 31 47 2 50 41 52 28 32 56 38 39 8 63 5 57 35 30 40 55 17 68 21 34 51 10 42 22 59 45 46 65 19 49 9 44 25 53 54 48 29 15 7 36 23 62 4 18 64 66 1 6 43 13 20
Time elapsed: 31.6072613 seconds
----------------------------------------
TSPTW(Beam ACO).py result for test 70_2.txt:
70
64 19 25 7 10 51 41 69 28 12 57 21 33 5 22 17 48 44 8 18 56 54 9 38 6 27 39 1 29 68 45 32 20 65 53 36 24 13 14 58 67 49 34 46 37 35 15 59 43 63 55 52 23 31 70 30 47 42 26 60 2 62 50 16 66 40 11 61 3 4
Time elapsed: 31.2560553 seconds
----------------------------------------
TSPTW(Beam ACO).py result for test 70_3.txt:
70
1 19 25 54 5 2 7 8 41 10 57 55 28 68 15 16 59 39 12 30 38 13 40 37 11 29 62 18 20 31 32 33 3 64 49 46 63 69 51 52 48 9 24 53 34 66 27 44 56 35 42 21 4 14 26 67 50 36 22 60 58 61 70 17 65 6 23 43 47 45
Time elapsed: 31.5491599 seconds
----------------------------------------
TSPTW(Beam ACO).py result for test 800_1.txt:
800
1 406 284 784 257 154 7 296 706 490 37 442 375 605 58 16 565 431 639 508 672 717 23 238 333 332 27 633 789 560 349 268 778 383 481 165 364 176 337 40 48 649 574 447 483 46 47 232 402 599 479 52 640 658 485 329 54 478 148 566 205 231 353 486 740 457 14 85 69 451 71 476 306 128 350 613 656 282 172 289 229 114 413 661 316 314 266 64 89 90 518 670 355 156 713 644 117 311 454 197 101 194 438 443 283 111 107 191 721 463 423 174 698 535 61 512 551 118 496 184 366 305 622 285 125 121 208 217 203 30 131 132 274 348 77 136 331 654 264 248 106 295 787 400 151 10 299 249 795 685 226 549 363 104 327 140 726 158 302 430 161 410 759 223 36 569 634 617 126 170 5 391 531 62 540 674 152 267 752 102 181 42 709 660 688 421 475 25 320 371 372 192 193 527 195 76 436 768 17 200 445 81 733 761 397 309 207 655 380 404 12 196 213 417 215 742 676 149 303 425 662 222 578 224 225 501 227 228 385 382 369 94 84 515 526 477 189 711 239 315 163 263 272 343 673 702 712 22 517 250 157 344 253 294 290 326 467 11 259 671 171 630 786 139 398 244 370 620 269 439 2 799 122 105 49 276 441 758 279 628 281 21 142 3 514 730 123 288 300 218 204 464 60 328 419 489 108 707 748 577 301 403 390 110 637 367 245 255 503 130 418 770 482 185 166 220 409 473 319 555 321 571 699 736 788 45 524 762 580 173 697 772 78 334 335 258 766 433 141 292 144 342 538 755 701 347 495 791 31 718 88 352 98 487 325 399 237 358 609 20 201 318 65 202 484 91 44 214 743 777 506 304 664 603 459 376 797 79 379 598 595 168 260 133 162 109 428 456 143 129 528 393 134 4 287 396 230 24 554 265 401 493 682 415 611 763 407 408 741 33 183 753 243 209 491 416 608 532 234 72 116 725 573 424 179 579 427 653 429 273 246 8 557 434 67 669 604 681 82 440 277 692 593 159 414 446 700 448 767 582 646 510 432 765 542 336 585 458 251 13 619 462 164 256 450 83 112 392 769 641 757 124 278 722 115 550 75 9 567 480 498 631 169 504 689 206 354 745 135 539 262 324 562 494 790 561 297 74 51 100 744 679 188 602 270 615 212 359 488 95 732 696 513 610 68 153 235 511 178 520 716 386 523 378 525 559 675 547 529 330 182 313 422 461 794 775 26 466 15 175 113 607 543 492 545 558 635 739 779 530 597 552 614 796 650 556 666 341 167 469 119 537 377 594 338 705 99 568 780 570 468 703 93 127 636 120 240 411 426 360 271 29 583 187 286 586 629 317 589 50 412 39 663 516 720 596 793 261 553 621 686 774 32 437 365 606 155 275 536 521 452 612 339 500 308 584 581 190 747 645 783 444 623 34 534 219 198 55 776 471 642 638 731 453 756 137 53 632 618 103 652 472 647 96 587 627 381 648 715 616 388 665 455 591 749 293 373 57 310 657 356 280 145 651 667 97 687 505 38 92 236 509 146 361 150 734 677 678 43 73 210 533 683 684 351 601 729 199 394 724 691 764 693 694 147 345 575 785 323 474 507 502 362 704 298 668 70 708 546 710 186 66 19 714 87 522 659 519 719 242 470 322 177 312 340 600 41 368 405 291 28 307 590 86 592 728 737 738 626 680 695 216 792 625 420 746 735 727 18 750 576 624 180 751 233 63 211 252 387 760 59 6 395 564 497 247 499 572 563 723 771 389 773 138 460 449 548 544 35 357 781 782 241 754 254 80 643 374 56 541 690 465 160 435 346 221 384 798 588 800
Time elapsed: 849.9564183 seconds
----------------------------------------
TSPTW(Beam ACO).py result for test 800_2.txt:
800
256 641 477 552 5 644 19 299 9 388 364 198 76 598 729 62 302 18 20 381 773 705 1 230 785 150 219 413 29 520 268 52 8 34 253 36 37 38 361 672 290 238 602 712 596 123 719 271 682 717 337 187 178 555 70 738 132 457 617 3 125 401 678 474 167 82 543 723 564 11 94 481 766 319 516 650 273 449 158 80 81 730 297 190 180 409 404 90 89 501 393 92 93 498 95 295 97 87 455 625 627 448 760 326 673 25 677 734 324 78 352 200 269 114 473 147 607 107 684 403 752 351 46 124 263 126 55 128 306 472 32 99 133 134 502 366 191 618 506 691 380 429 28 321 612 787 721 312 491 53 142 430 154 266 143 737 157 72 322 172 544 162 434 177 170 503 647 244 651 680 113 714 368 152 175 88 395 583 573 581 394 210 30 425 185 778 386 188 451 236 248 732 193 194 447 98 521 205 199 17 515 202 493 293 466 431 410 582 744 613 211 576 442 243 589 216 711 47 428 786 221 222 709 347 320 49 118 536 551 512 234 310 528 718 495 105 275 524 668 640 392 242 91 417 196 241 471 683 681 117 163 45 377 204 7 137 220 482 676 260 272 245 698 418 26 603 339 315 467 264 771 115 405 136 586 161 793 173 578 44 483 518 281 274 675 349 251 179 300 41 291 344 103 215 233 296 335 298 606 525 225 165 609 391 209 390 750 459 286 461 311 671 308 314 685 140 246 186 652 340 255 496 432 628 567 104 765 656 663 330 363 402 333 247 577 214 542 792 664 694 12 96 526 727 499 511 197 100 58 265 313 289 424 354 355 356 580 358 359 660 615 249 568 287 659 530 367 378 369 629 400 174 6 595 375 527 743 593 658 702 303 382 796 740 212 129 387 24 389 40 35 654 642 632 155 213 262 398 788 16 77 332 110 437 374 39 420 591 556 385 756 181 772 357 54 416 285 111 463 557 73 370 423 160 674 426 695 661 223 574 759 323 208 739 599 121 492 610 623 440 441 21 31 86 517 490 144 288 283 48 317 452 258 350 279 206 338 458 758 13 261 141 130 670 562 646 755 468 724 470 182 494 166 408 475 292 749 690 479 480 106 453 686 484 184 635 487 791 489 783 590 304 537 747 176 797 101 444 427 500 307 601 63 504 112 325 331 146 277 529 780 634 513 294 33 65 624 733 519 666 189 218 523 626 57 239 534 545 135 232 531 763 741 156 768 454 203 217 478 376 541 327 278 637 372 164 649 548 653 138 229 769 553 50 192 443 43 329 139 560 561 465 657 183 565 226 508 699 569 276 341 585 611 540 575 422 131 371 579 145 784 250 153 108 701 696 753 588 151 779 693 592 64 438 700 450 597 14 235 570 284 707 539 639 149 742 345 608 795 109 282 61 66 195 201 616 59 559 538 620 621 485 476 68 436 148 643 85 305 630 631 798 622 605 645 636 171 638 619 445 2 584 550 396 507 342 343 71 547 648 411 207 704 252 655 169 563 435 116 280 509 665 267 800 775 488 667 600 703 486 384 762 127 373 614 407 710 362 708 669 571 433 514 69 228 67 687 74 689 309 316 301 764 159 328 60 697 336 633 415 662 75 735 257 42 360 22 722 522 462 79 120 782 419 715 469 554 379 270 720 799 497 751 510 725 726 754 728 505 594 731 679 439 558 549 736 464 456 237 168 533 604 353 716 745 746 56 748 348 10 421 770 587 446 532 51 757 761 713 102 572 318 346 254 231 460 767 83 383 399 259 122 224 365 4 776 777 240 546 15 397 119 774 535 27 406 414 227 789 790 334 84 692 794 688 781 706 412 23 566
Time elapsed: 688.4301126 seconds
----------------------------------------
TSPTW(Beam ACO).py result for test hustack_900.txt:
Time elapsed: TIMEOUT
----------------------------------------
TSPTW(Beam ACO).py result for test hustack_1000.txt:
Time elapsed: TIMEOUT
----------------------------------------
